#! /c/Source/iverilog-install/bin/vvp
:ivl_version "12.0 (devel)" "(s20150603-1539-g2693dd32b)";
:ivl_delay_selection "TYPICAL";
:vpi_time_precision + 0;
:vpi_module "D:\All_The_App\iverilog\iverilog\lib\ivl\system.vpi";
:vpi_module "D:\All_The_App\iverilog\iverilog\lib\ivl\vhdl_sys.vpi";
:vpi_module "D:\All_The_App\iverilog\iverilog\lib\ivl\vhdl_textio.vpi";
:vpi_module "D:\All_The_App\iverilog\iverilog\lib\ivl\v2005_math.vpi";
:vpi_module "D:\All_The_App\iverilog\iverilog\lib\ivl\va_math.vpi";
S_000001d575d65220 .scope module, "top" "top" 2 214;
 .timescale 0 0;
    .port_info 0 /INPUT 1 "clk";
    .port_info 1 /INPUT 8 "SW";
    .port_info 2 /INPUT 4 "btn";
    .port_info 3 /OUTPUT 4 "AN";
    .port_info 4 /OUTPUT 8 "SEGMENT";
    .port_info 5 /OUTPUT 1 "BTN_X";
v000001d575dc6950_0 .net "AN", 3 0, L_000001d575d6adf0;  1 drivers
L_000001d576140088 .functor BUFT 1, C4<0>, C4<0>, C4<0>, C4<0>;
v000001d575dc75d0_0 .net "BTN_X", 0 0, L_000001d576140088;  1 drivers
v000001d575dc6f90_0 .net "SEGMENT", 7 0, L_000001d575dd10f0;  1 drivers
o000001d575d762c8 .functor BUFZ 8, C4<zzzzzzzz>; HiZ drive
v000001d575dc7210_0 .net "SW", 7 0, o000001d575d762c8;  0 drivers
o000001d575d75248 .functor BUFZ 4, C4<zzzz>; HiZ drive
v000001d575dc5eb0_0 .net "btn", 3 0, o000001d575d75248;  0 drivers
o000001d575d75848 .functor BUFZ 1, C4<z>; HiZ drive
v000001d575dc6270_0 .net "clk", 0 0, o000001d575d75848;  0 drivers
v000001d575dc69f0_0 .net "num", 15 0, v000001d575dc3110_0;  1 drivers
L_000001d575dd0f10 .part o000001d575d762c8, 4, 4;
L_000001d575dd1190 .part o000001d575d762c8, 0, 4;
S_000001d575d653b0 .scope module, "create_inst" "CreateNumber" 2 227, 2 21 0, S_000001d575d65220;
 .timescale 0 0;
    .port_info 0 /INPUT 4 "btn";
    .port_info 1 /OUTPUT 16 "num";
v000001d575d69a80_0 .net "A", 3 0, L_000001d575dc6c70;  1 drivers
v000001d575d69b20_0 .net "B", 3 0, L_000001d575dc5a50;  1 drivers
v000001d575dc2e90_0 .net "C", 3 0, L_000001d575dc6e50;  1 drivers
v000001d575dc3ed0_0 .net "D", 3 0, L_000001d575dc7030;  1 drivers
v000001d575dc2850_0 .net *"_ivl_1", 3 0, L_000001d575dc7670;  1 drivers
v000001d575dc2f30_0 .net *"_ivl_13", 3 0, L_000001d575dc7530;  1 drivers
L_000001d576140160 .functor BUFT 1, C4<0001>, C4<0>, C4<0>, C4<0>;
v000001d575dc2b70_0 .net/2u *"_ivl_14", 3 0, L_000001d576140160;  1 drivers
v000001d575dc37f0_0 .net *"_ivl_19", 3 0, L_000001d575dc6ef0;  1 drivers
L_000001d5761400d0 .functor BUFT 1, C4<0001>, C4<0>, C4<0>, C4<0>;
v000001d575dc43d0_0 .net/2u *"_ivl_2", 3 0, L_000001d5761400d0;  1 drivers
L_000001d5761401a8 .functor BUFT 1, C4<0001>, C4<0>, C4<0>, C4<0>;
v000001d575dc4150_0 .net/2u *"_ivl_20", 3 0, L_000001d5761401a8;  1 drivers
v000001d575dc2fd0_0 .net *"_ivl_26", 0 0, L_000001d575dc63b0;  1 drivers
v000001d575dc2c10_0 .net *"_ivl_30", 0 0, L_000001d575dc5910;  1 drivers
v000001d575dc36b0_0 .net *"_ivl_34", 0 0, L_000001d575dc5c30;  1 drivers
v000001d575dc3070_0 .net *"_ivl_38", 0 0, L_000001d575dc70d0;  1 drivers
v000001d575dc3430_0 .net *"_ivl_7", 3 0, L_000001d575dc6d10;  1 drivers
L_000001d576140118 .functor BUFT 1, C4<0001>, C4<0>, C4<0>, C4<0>;
v000001d575dc4470_0 .net/2u *"_ivl_8", 3 0, L_000001d576140118;  1 drivers
v000001d575dc3c50_0 .net "btn", 3 0, o000001d575d75248;  alias, 0 drivers
v000001d575dc3110_0 .var "num", 15 0;
E_000001d575d48ed0 .event posedge, L_000001d575dc70d0;
E_000001d575d494d0 .event posedge, L_000001d575dc5c30;
E_000001d575d49750 .event posedge, L_000001d575dc5910;
E_000001d575d49710 .event posedge, L_000001d575dc63b0;
L_000001d575dc7670 .part v000001d575dc3110_0, 12, 4;
L_000001d575dc6c70 .arith/sum 4, L_000001d575dc7670, L_000001d5761400d0;
L_000001d575dc6d10 .part v000001d575dc3110_0, 8, 4;
L_000001d575dc5a50 .arith/sum 4, L_000001d575dc6d10, L_000001d576140118;
L_000001d575dc7530 .part v000001d575dc3110_0, 4, 4;
L_000001d575dc6e50 .arith/sum 4, L_000001d575dc7530, L_000001d576140160;
L_000001d575dc6ef0 .part v000001d575dc3110_0, 0, 4;
L_000001d575dc7030 .arith/sum 4, L_000001d575dc6ef0, L_000001d5761401a8;
L_000001d575dc63b0 .part o000001d575d75248, 0, 1;
L_000001d575dc5910 .part o000001d575d75248, 1, 1;
L_000001d575dc5c30 .part o000001d575d75248, 2, 1;
L_000001d575dc70d0 .part o000001d575d75248, 3, 1;
S_000001d575d53210 .scope module, "disp_inst" "DisplayNumber" 2 235, 2 46 0, S_000001d575d65220;
 .timescale 0 0;
    .port_info 0 /INPUT 1 "clk";
    .port_info 1 /INPUT 1 "rst";
    .port_info 2 /INPUT 16 "hexs";
    .port_info 3 /INPUT 4 "points";
    .port_info 4 /INPUT 4 "LEs";
    .port_info 5 /OUTPUT 4 "AN";
    .port_info 6 /OUTPUT 8 "SEGMENT";
v000001d575dc6a90_0 .net "AN", 3 0, L_000001d575d6adf0;  alias, 1 drivers
v000001d575dc6770_0 .net "HEX", 3 0, v000001d575dc2ad0_0;  1 drivers
v000001d575dc68b0_0 .net "LE", 0 0, L_000001d575dc6450;  1 drivers
v000001d575dc6590_0 .net "LEs", 3 0, L_000001d575dd1190;  1 drivers
v000001d575dc6b30_0 .net "SEGMENT", 7 0, L_000001d575dd10f0;  alias, 1 drivers
v000001d575dc6bd0_0 .net "clk", 0 0, o000001d575d75848;  alias, 0 drivers
v000001d575dc6810_0 .net "div_res", 31 0, v000001d575dc3bb0_0;  1 drivers
v000001d575dc7710_0 .net "hexs", 15 0, v000001d575dc3110_0;  alias, 1 drivers
v000001d575dc6db0_0 .net "point", 0 0, L_000001d575dc5ff0;  1 drivers
v000001d575dc59b0_0 .net "points", 3 0, L_000001d575dd0f10;  1 drivers
L_000001d576140310 .functor BUFT 1, C4<0>, C4<0>, C4<0>, C4<0>;
v000001d575dc61d0_0 .net "rst", 0 0, L_000001d576140310;  1 drivers
L_000001d575dc72b0 .part v000001d575dc3bb0_0, 17, 2;
L_000001d575dc64f0 .part v000001d575dc2ad0_0, 0, 1;
L_000001d575dc7350 .part v000001d575dc2ad0_0, 1, 1;
L_000001d575dd0790 .part v000001d575dc2ad0_0, 2, 1;
L_000001d575dd0650 .part v000001d575dc2ad0_0, 3, 1;
LS_000001d575dd10f0_0_0 .concat8 [ 1 1 1 1], v000001d575dc3250_0, v000001d575dc32f0_0, v000001d575dc3cf0_0, v000001d575dc45b0_0;
LS_000001d575dd10f0_0_4 .concat8 [ 1 1 1 1], v000001d575dc3d90_0, v000001d575dc4290_0, v000001d575dc4010_0, v000001d575dc3e30_0;
L_000001d575dd10f0 .concat8 [ 4 4 0 0], LS_000001d575dd10f0_0_0, LS_000001d575dd10f0_0_4;
S_000001d575d533a0 .scope module, "Segment" "MyMC14495" 2 80, 2 180 0, S_000001d575d53210;
 .timescale 0 0;
    .port_info 0 /INPUT 1 "D0";
    .port_info 1 /INPUT 1 "D1";
    .port_info 2 /INPUT 1 "D2";
    .port_info 3 /INPUT 1 "D3";
    .port_info 4 /INPUT 1 "LE";
    .port_info 5 /INPUT 1 "point";
    .port_info 6 /OUTPUT 1 "a";
    .port_info 7 /OUTPUT 1 "b";
    .port_info 8 /OUTPUT 1 "c";
    .port_info 9 /OUTPUT 1 "d";
    .port_info 10 /OUTPUT 1 "e";
    .port_info 11 /OUTPUT 1 "f";
    .port_info 12 /OUTPUT 1 "g";
    .port_info 13 /OUTPUT 1 "p";
v000001d575dc4510_0 .net "D0", 0 0, L_000001d575dc64f0;  1 drivers
v000001d575dc41f0_0 .net "D1", 0 0, L_000001d575dc7350;  1 drivers
v000001d575dc31b0_0 .net "D2", 0 0, L_000001d575dd0790;  1 drivers
v000001d575dc3a70_0 .net "D3", 0 0, L_000001d575dd0650;  1 drivers
v000001d575dc3390_0 .net "LE", 0 0, L_000001d575dc6450;  alias, 1 drivers
v000001d575dc3250_0 .var "a", 0 0;
v000001d575dc32f0_0 .var "b", 0 0;
v000001d575dc3cf0_0 .var "c", 0 0;
v000001d575dc45b0_0 .var "d", 0 0;
v000001d575dc3d90_0 .var "e", 0 0;
v000001d575dc4290_0 .var "f", 0 0;
v000001d575dc4010_0 .var "g", 0 0;
v000001d575dc3e30_0 .var "p", 0 0;
v000001d575dc3610_0 .net "point", 0 0, L_000001d575dc5ff0;  alias, 1 drivers
E_000001d575d48f90/0 .event anyedge, v000001d575dc3610_0, v000001d575dc3390_0, v000001d575dc3a70_0, v000001d575dc31b0_0;
E_000001d575d48f90/1 .event anyedge, v000001d575dc41f0_0, v000001d575dc4510_0;
E_000001d575d48f90 .event/or E_000001d575d48f90/0, E_000001d575d48f90/1;
S_000001d575d52cc0 .scope module, "clkdiv1" "clkdiv" 2 58, 2 1 0, S_000001d575d53210;
 .timescale 0 0;
    .port_info 0 /INPUT 1 "clk";
    .port_info 1 /INPUT 1 "rst";
    .port_info 2 /OUTPUT 32 "div_res";
v000001d575dc4330_0 .net "clk", 0 0, o000001d575d75848;  alias, 0 drivers
v000001d575dc3bb0_0 .var "div_res", 31 0;
v000001d575dc3f70_0 .net "rst", 0 0, L_000001d576140310;  alias, 1 drivers
E_000001d575d490d0 .event posedge, v000001d575dc4330_0;
S_000001d575d52e50 .scope module, "select" "DisplaySync" 2 69, 2 101 0, S_000001d575d53210;
 .timescale 0 0;
    .port_info 0 /INPUT 2 "scan";
    .port_info 1 /INPUT 16 "hexs";
    .port_info 2 /INPUT 4 "points";
    .port_info 3 /INPUT 4 "LEs";
    .port_info 4 /OUTPUT 4 "HEX";
    .port_info 5 /OUTPUT 4 "AN";
    .port_info 6 /OUTPUT 1 "point";
    .port_info 7 /OUTPUT 1 "LE";
v000001d575dc6630_0 .net "AN", 3 0, L_000001d575d6adf0;  alias, 1 drivers
v000001d575dc66d0_0 .net "HEX", 3 0, v000001d575dc2ad0_0;  alias, 1 drivers
v000001d575dc6130_0 .net "LE", 0 0, L_000001d575dc6450;  alias, 1 drivers
v000001d575dc5b90_0 .net "LEs", 3 0, L_000001d575dd1190;  alias, 1 drivers
v000001d575dc5e10_0 .net "hexs", 15 0, v000001d575dc3110_0;  alias, 1 drivers
v000001d575dc73f0_0 .net "point", 0 0, L_000001d575dc5ff0;  alias, 1 drivers
v000001d575dc7490_0 .net "points", 3 0, L_000001d575dd0f10;  alias, 1 drivers
v000001d575dc5af0_0 .net "scan", 1 0, L_000001d575dc72b0;  1 drivers
L_000001d575dc7170 .part v000001d575dc3110_0, 0, 4;
L_000001d575dc5cd0 .part v000001d575dc3110_0, 4, 4;
L_000001d575dc5f50 .part v000001d575dc3110_0, 8, 4;
L_000001d575dc5d70 .part v000001d575dc3110_0, 12, 4;
S_000001d575d4e8b0 .scope module, "AAN" "Mux4to1b4" 2 132, 2 153 0, S_000001d575d52e50;
 .timescale 0 0;
    .port_info 0 /INPUT 2 "S";
    .port_info 1 /INPUT 4 "D0";
    .port_info 2 /INPUT 4 "D1";
    .port_info 3 /INPUT 4 "D2";
    .port_info 4 /INPUT 4 "D3";
    .port_info 5 /OUTPUT 4 "Y";
L_000001d575d6adf0 .functor BUFZ 4, v000001d575dc2990_0, C4<0000>, C4<0000>, C4<0000>;
L_000001d5761401f0 .functor BUFT 1, C4<1110>, C4<0>, C4<0>, C4<0>;
v000001d575dc40b0_0 .net "D0", 3 0, L_000001d5761401f0;  1 drivers
L_000001d576140238 .functor BUFT 1, C4<1101>, C4<0>, C4<0>, C4<0>;
v000001d575dc4650_0 .net "D1", 3 0, L_000001d576140238;  1 drivers
L_000001d576140280 .functor BUFT 1, C4<1011>, C4<0>, C4<0>, C4<0>;
v000001d575dc3750_0 .net "D2", 3 0, L_000001d576140280;  1 drivers
L_000001d5761402c8 .functor BUFT 1, C4<0111>, C4<0>, C4<0>, C4<0>;
v000001d575dc46f0_0 .net "D3", 3 0, L_000001d5761402c8;  1 drivers
v000001d575dc28f0_0 .net "S", 1 0, L_000001d575dc72b0;  alias, 1 drivers
v000001d575dc34d0_0 .net "Y", 3 0, L_000001d575d6adf0;  alias, 1 drivers
v000001d575dc2990_0 .var "ans", 3 0;
E_000001d575d49890/0 .event anyedge, v000001d575dc28f0_0, v000001d575dc40b0_0, v000001d575dc4650_0, v000001d575dc3750_0;
E_000001d575d49890/1 .event anyedge, v000001d575dc46f0_0;
E_000001d575d49890 .event/or E_000001d575d49890/0, E_000001d575d49890/1;
S_000001d575d4ea40 .scope module, "Hexs" "Mux4to1b4" 2 112, 2 153 0, S_000001d575d52e50;
 .timescale 0 0;
    .port_info 0 /INPUT 2 "S";
    .port_info 1 /INPUT 4 "D0";
    .port_info 2 /INPUT 4 "D1";
    .port_info 3 /INPUT 4 "D2";
    .port_info 4 /INPUT 4 "D3";
    .port_info 5 /OUTPUT 4 "Y";
v000001d575dc3890_0 .net "D0", 3 0, L_000001d575dc7170;  1 drivers
v000001d575dc3570_0 .net "D1", 3 0, L_000001d575dc5cd0;  1 drivers
v000001d575dc3930_0 .net "D2", 3 0, L_000001d575dc5f50;  1 drivers
v000001d575dc39d0_0 .net "D3", 3 0, L_000001d575dc5d70;  1 drivers
v000001d575dc2cb0_0 .net "S", 1 0, L_000001d575dc72b0;  alias, 1 drivers
v000001d575dc2a30_0 .net "Y", 3 0, v000001d575dc2ad0_0;  alias, 1 drivers
v000001d575dc2ad0_0 .var "ans", 3 0;
E_000001d575d48f10/0 .event anyedge, v000001d575dc28f0_0, v000001d575dc3890_0, v000001d575dc3570_0, v000001d575dc3930_0;
E_000001d575d48f10/1 .event anyedge, v000001d575dc39d0_0;
E_000001d575d48f10 .event/or E_000001d575d48f10/0, E_000001d575d48f10/1;
S_000001d575d47510 .scope module, "LLE" "Mux4to1" 2 127, 2 144 0, S_000001d575d52e50;
 .timescale 0 0;
    .port_info 0 /INPUT 4 "D";
    .port_info 1 /INPUT 2 "S";
    .port_info 2 /OUTPUT 1 "Y";
v000001d575dc3b10_0 .net "D", 3 0, L_000001d575dd1190;  alias, 1 drivers
v000001d575dc2d50_0 .net "S", 1 0, L_000001d575dc72b0;  alias, 1 drivers
v000001d575dc2df0_0 .net "Y", 0 0, L_000001d575dc6450;  alias, 1 drivers
L_000001d575dc6450 .part/v L_000001d575dd1190, L_000001d575dc72b0, 1;
S_000001d575d476a0 .scope module, "Points" "Mux4to1" 2 121, 2 144 0, S_000001d575d52e50;
 .timescale 0 0;
    .port_info 0 /INPUT 4 "D";
    .port_info 1 /INPUT 2 "S";
    .port_info 2 /OUTPUT 1 "Y";
v000001d575dc6310_0 .net "D", 3 0, L_000001d575dd0f10;  alias, 1 drivers
v000001d575dc5870_0 .net "S", 1 0, L_000001d575dc72b0;  alias, 1 drivers
v000001d575dc6090_0 .net "Y", 0 0, L_000001d575dc5ff0;  alias, 1 drivers
L_000001d575dc5ff0 .part/v L_000001d575dd0f10, L_000001d575dc72b0, 1;
    .scope S_000001d575d653b0;
T_0 ;
    %pushi/vec4 43981, 0, 16;
    %assign/vec4 v000001d575dc3110_0, 0;
    %end;
    .thread T_0;
    .scope S_000001d575d653b0;
T_1 ;
    %wait E_000001d575d49710;
    %load/vec4 v000001d575d69a80_0;
    %ix/load 4, 12, 0;
    %ix/load 5, 0, 0;
    %flag_set/imm 4, 0;
    %assign/vec4/off/d v000001d575dc3110_0, 4, 5;
    %jmp T_1;
    .thread T_1;
    .scope S_000001d575d653b0;
T_2 ;
    %wait E_000001d575d49750;
    %load/vec4 v000001d575d69b20_0;
    %ix/load 4, 8, 0;
    %ix/load 5, 0, 0;
    %flag_set/imm 4, 0;
    %assign/vec4/off/d v000001d575dc3110_0, 4, 5;
    %jmp T_2;
    .thread T_2;
    .scope S_000001d575d653b0;
T_3 ;
    %wait E_000001d575d494d0;
    %load/vec4 v000001d575dc2e90_0;
    %ix/load 4, 4, 0;
    %ix/load 5, 0, 0;
    %flag_set/imm 4, 0;
    %assign/vec4/off/d v000001d575dc3110_0, 4, 5;
    %jmp T_3;
    .thread T_3;
    .scope S_000001d575d653b0;
T_4 ;
    %wait E_000001d575d48ed0;
    %load/vec4 v000001d575dc3ed0_0;
    %ix/load 4, 0, 0;
    %ix/load 5, 0, 0;
    %flag_set/imm 4, 0;
    %assign/vec4/off/d v000001d575dc3110_0, 4, 5;
    %jmp T_4;
    .thread T_4;
    .scope S_000001d575d52cc0;
T_5 ;
    %wait E_000001d575d490d0;
    %load/vec4 v000001d575dc3f70_0;
    %cmpi/e 1, 0, 1;
    %jmp/0xz  T_5.0, 4;
    %pushi/vec4 0, 0, 32;
    %assign/vec4 v000001d575dc3bb0_0, 0;
    %jmp T_5.1;
T_5.0 ;
    %load/vec4 v000001d575dc3bb0_0;
    %addi 1, 0, 32;
    %assign/vec4 v000001d575dc3bb0_0, 0;
T_5.1 ;
    %jmp T_5;
    .thread T_5;
    .scope S_000001d575d4ea40;
T_6 ;
    %wait E_000001d575d48f10;
    %load/vec4 v000001d575dc2cb0_0;
    %dup/vec4;
    %pushi/vec4 0, 0, 2;
    %cmp/u;
    %jmp/1 T_6.0, 6;
    %dup/vec4;
    %pushi/vec4 1, 0, 2;
    %cmp/u;
    %jmp/1 T_6.1, 6;
    %dup/vec4;
    %pushi/vec4 2, 0, 2;
    %cmp/u;
    %jmp/1 T_6.2, 6;
    %dup/vec4;
    %pushi/vec4 3, 0, 2;
    %cmp/u;
    %jmp/1 T_6.3, 6;
    %jmp T_6.4;
T_6.0 ;
    %load/vec4 v000001d575dc3890_0;
    %store/vec4 v000001d575dc2ad0_0, 0, 4;
    %jmp T_6.4;
T_6.1 ;
    %load/vec4 v000001d575dc3570_0;
    %store/vec4 v000001d575dc2ad0_0, 0, 4;
    %jmp T_6.4;
T_6.2 ;
    %load/vec4 v000001d575dc3930_0;
    %store/vec4 v000001d575dc2ad0_0, 0, 4;
    %jmp T_6.4;
T_6.3 ;
    %load/vec4 v000001d575dc39d0_0;
    %store/vec4 v000001d575dc2ad0_0, 0, 4;
    %jmp T_6.4;
T_6.4 ;
    %pop/vec4 1;
    %jmp T_6;
    .thread T_6, $push;
    .scope S_000001d575d4e8b0;
T_7 ;
    %wait E_000001d575d49890;
    %load/vec4 v000001d575dc28f0_0;
    %dup/vec4;
    %pushi/vec4 0, 0, 2;
    %cmp/u;
    %jmp/1 T_7.0, 6;
    %dup/vec4;
    %pushi/vec4 1, 0, 2;
    %cmp/u;
    %jmp/1 T_7.1, 6;
    %dup/vec4;
    %pushi/vec4 2, 0, 2;
    %cmp/u;
    %jmp/1 T_7.2, 6;
    %dup/vec4;
    %pushi/vec4 3, 0, 2;
    %cmp/u;
    %jmp/1 T_7.3, 6;
    %jmp T_7.4;
T_7.0 ;
    %load/vec4 v000001d575dc40b0_0;
    %store/vec4 v000001d575dc2990_0, 0, 4;
    %jmp T_7.4;
T_7.1 ;
    %load/vec4 v000001d575dc4650_0;
    %store/vec4 v000001d575dc2990_0, 0, 4;
    %jmp T_7.4;
T_7.2 ;
    %load/vec4 v000001d575dc3750_0;
    %store/vec4 v000001d575dc2990_0, 0, 4;
    %jmp T_7.4;
T_7.3 ;
    %load/vec4 v000001d575dc46f0_0;
    %store/vec4 v000001d575dc2990_0, 0, 4;
    %jmp T_7.4;
T_7.4 ;
    %pop/vec4 1;
    %jmp T_7;
    .thread T_7, $push;
    .scope S_000001d575d533a0;
T_8 ;
    %wait E_000001d575d48f90;
    %load/vec4 v000001d575dc3610_0;
    %flag_set/vec4 8;
    %jmp/0xz  T_8.0, 8;
    %pushi/vec4 1, 0, 1;
    %store/vec4 v000001d575dc3e30_0, 0, 1;
    %jmp T_8.1;
T_8.0 ;
    %pushi/vec4 0, 0, 1;
    %store/vec4 v000001d575dc3e30_0, 0, 1;
T_8.1 ;
    %load/vec4 v000001d575dc3390_0;
    %nor/r;
    %flag_set/vec4 8;
    %jmp/0xz  T_8.2, 8;
    %load/vec4 v000001d575dc3a70_0;
    %load/vec4 v000001d575dc31b0_0;
    %concat/vec4; draw_concat_vec4
    %load/vec4 v000001d575dc41f0_0;
    %concat/vec4; draw_concat_vec4
    %load/vec4 v000001d575dc4510_0;
    %concat/vec4; draw_concat_vec4
    %dup/vec4;
    %pushi/vec4 0, 0, 4;
    %cmp/u;
    %jmp/1 T_8.4, 6;
    %dup/vec4;
    %pushi/vec4 1, 0, 4;
    %cmp/u;
    %jmp/1 T_8.5, 6;
    %dup/vec4;
    %pushi/vec4 2, 0, 4;
    %cmp/u;
    %jmp/1 T_8.6, 6;
    %dup/vec4;
    %pushi/vec4 3, 0, 4;
    %cmp/u;
    %jmp/1 T_8.7, 6;
    %dup/vec4;
    %pushi/vec4 4, 0, 4;
    %cmp/u;
    %jmp/1 T_8.8, 6;
    %dup/vec4;
    %pushi/vec4 5, 0, 4;
    %cmp/u;
    %jmp/1 T_8.9, 6;
    %dup/vec4;
    %pushi/vec4 6, 0, 4;
    %cmp/u;
    %jmp/1 T_8.10, 6;
    %dup/vec4;
    %pushi/vec4 7, 0, 4;
    %cmp/u;
    %jmp/1 T_8.11, 6;
    %dup/vec4;
    %pushi/vec4 8, 0, 4;
    %cmp/u;
    %jmp/1 T_8.12, 6;
    %dup/vec4;
    %pushi/vec4 9, 0, 4;
    %cmp/u;
    %jmp/1 T_8.13, 6;
    %dup/vec4;
    %pushi/vec4 10, 0, 4;
    %cmp/u;
    %jmp/1 T_8.14, 6;
    %dup/vec4;
    %pushi/vec4 11, 0, 4;
    %cmp/u;
    %jmp/1 T_8.15, 6;
    %dup/vec4;
    %pushi/vec4 12, 0, 4;
    %cmp/u;
    %jmp/1 T_8.16, 6;
    %dup/vec4;
    %pushi/vec4 13, 0, 4;
    %cmp/u;
    %jmp/1 T_8.17, 6;
    %dup/vec4;
    %pushi/vec4 14, 0, 4;
    %cmp/u;
    %jmp/1 T_8.18, 6;
    %dup/vec4;
    %pushi/vec4 15, 0, 4;
    %cmp/u;
    %jmp/1 T_8.19, 6;
    %jmp T_8.20;
T_8.4 ;
    %pushi/vec4 1, 0, 7;
    %split/vec4 1;
    %store/vec4 v000001d575dc4010_0, 0, 1;
    %split/vec4 1;
    %store/vec4 v000001d575dc4290_0, 0, 1;
    %split/vec4 1;
    %store/vec4 v000001d575dc3d90_0, 0, 1;
    %split/vec4 1;
    %store/vec4 v000001d575dc45b0_0, 0, 1;
    %split/vec4 1;
    %store/vec4 v000001d575dc3cf0_0, 0, 1;
    %split/vec4 1;
    %store/vec4 v000001d575dc32f0_0, 0, 1;
    %store/vec4 v000001d575dc3250_0, 0, 1;
    %jmp T_8.20;
T_8.5 ;
    %pushi/vec4 79, 0, 7;
    %split/vec4 1;
    %store/vec4 v000001d575dc4010_0, 0, 1;
    %split/vec4 1;
    %store/vec4 v000001d575dc4290_0, 0, 1;
    %split/vec4 1;
    %store/vec4 v000001d575dc3d90_0, 0, 1;
    %split/vec4 1;
    %store/vec4 v000001d575dc45b0_0, 0, 1;
    %split/vec4 1;
    %store/vec4 v000001d575dc3cf0_0, 0, 1;
    %split/vec4 1;
    %store/vec4 v000001d575dc32f0_0, 0, 1;
    %store/vec4 v000001d575dc3250_0, 0, 1;
    %jmp T_8.20;
T_8.6 ;
    %pushi/vec4 18, 0, 7;
    %split/vec4 1;
    %store/vec4 v000001d575dc4010_0, 0, 1;
    %split/vec4 1;
    %store/vec4 v000001d575dc4290_0, 0, 1;
    %split/vec4 1;
    %store/vec4 v000001d575dc3d90_0, 0, 1;
    %split/vec4 1;
    %store/vec4 v000001d575dc45b0_0, 0, 1;
    %split/vec4 1;
    %store/vec4 v000001d575dc3cf0_0, 0, 1;
    %split/vec4 1;
    %store/vec4 v000001d575dc32f0_0, 0, 1;
    %store/vec4 v000001d575dc3250_0, 0, 1;
    %jmp T_8.20;
T_8.7 ;
    %pushi/vec4 6, 0, 7;
    %split/vec4 1;
    %store/vec4 v000001d575dc4010_0, 0, 1;
    %split/vec4 1;
    %store/vec4 v000001d575dc4290_0, 0, 1;
    %split/vec4 1;
    %store/vec4 v000001d575dc3d90_0, 0, 1;
    %split/vec4 1;
    %store/vec4 v000001d575dc45b0_0, 0, 1;
    %split/vec4 1;
    %store/vec4 v000001d575dc3cf0_0, 0, 1;
    %split/vec4 1;
    %store/vec4 v000001d575dc32f0_0, 0, 1;
    %store/vec4 v000001d575dc3250_0, 0, 1;
    %jmp T_8.20;
T_8.8 ;
    %pushi/vec4 76, 0, 7;
    %split/vec4 1;
    %store/vec4 v000001d575dc4010_0, 0, 1;
    %split/vec4 1;
    %store/vec4 v000001d575dc4290_0, 0, 1;
    %split/vec4 1;
    %store/vec4 v000001d575dc3d90_0, 0, 1;
    %split/vec4 1;
    %store/vec4 v000001d575dc45b0_0, 0, 1;
    %split/vec4 1;
    %store/vec4 v000001d575dc3cf0_0, 0, 1;
    %split/vec4 1;
    %store/vec4 v000001d575dc32f0_0, 0, 1;
    %store/vec4 v000001d575dc3250_0, 0, 1;
    %jmp T_8.20;
T_8.9 ;
    %pushi/vec4 36, 0, 7;
    %split/vec4 1;
    %store/vec4 v000001d575dc4010_0, 0, 1;
    %split/vec4 1;
    %store/vec4 v000001d575dc4290_0, 0, 1;
    %split/vec4 1;
    %store/vec4 v000001d575dc3d90_0, 0, 1;
    %split/vec4 1;
    %store/vec4 v000001d575dc45b0_0, 0, 1;
    %split/vec4 1;
    %store/vec4 v000001d575dc3cf0_0, 0, 1;
    %split/vec4 1;
    %store/vec4 v000001d575dc32f0_0, 0, 1;
    %store/vec4 v000001d575dc3250_0, 0, 1;
    %jmp T_8.20;
T_8.10 ;
    %pushi/vec4 32, 0, 7;
    %split/vec4 1;
    %store/vec4 v000001d575dc4010_0, 0, 1;
    %split/vec4 1;
    %store/vec4 v000001d575dc4290_0, 0, 1;
    %split/vec4 1;
    %store/vec4 v000001d575dc3d90_0, 0, 1;
    %split/vec4 1;
    %store/vec4 v000001d575dc45b0_0, 0, 1;
    %split/vec4 1;
    %store/vec4 v000001d575dc3cf0_0, 0, 1;
    %split/vec4 1;
    %store/vec4 v000001d575dc32f0_0, 0, 1;
    %store/vec4 v000001d575dc3250_0, 0, 1;
    %jmp T_8.20;
T_8.11 ;
    %pushi/vec4 15, 0, 7;
    %split/vec4 1;
    %store/vec4 v000001d575dc4010_0, 0, 1;
    %split/vec4 1;
    %store/vec4 v000001d575dc4290_0, 0, 1;
    %split/vec4 1;
    %store/vec4 v000001d575dc3d90_0, 0, 1;
    %split/vec4 1;
    %store/vec4 v000001d575dc45b0_0, 0, 1;
    %split/vec4 1;
    %store/vec4 v000001d575dc3cf0_0, 0, 1;
    %split/vec4 1;
    %store/vec4 v000001d575dc32f0_0, 0, 1;
    %store/vec4 v000001d575dc3250_0, 0, 1;
    %jmp T_8.20;
T_8.12 ;
    %pushi/vec4 0, 0, 7;
    %split/vec4 1;
    %store/vec4 v000001d575dc4010_0, 0, 1;
    %split/vec4 1;
    %store/vec4 v000001d575dc4290_0, 0, 1;
    %split/vec4 1;
    %store/vec4 v000001d575dc3d90_0, 0, 1;
    %split/vec4 1;
    %store/vec4 v000001d575dc45b0_0, 0, 1;
    %split/vec4 1;
    %store/vec4 v000001d575dc3cf0_0, 0, 1;
    %split/vec4 1;
    %store/vec4 v000001d575dc32f0_0, 0, 1;
    %store/vec4 v000001d575dc3250_0, 0, 1;
    %jmp T_8.20;
T_8.13 ;
    %pushi/vec4 4, 0, 7;
    %split/vec4 1;
    %store/vec4 v000001d575dc4010_0, 0, 1;
    %split/vec4 1;
    %store/vec4 v000001d575dc4290_0, 0, 1;
    %split/vec4 1;
    %store/vec4 v000001d575dc3d90_0, 0, 1;
    %split/vec4 1;
    %store/vec4 v000001d575dc45b0_0, 0, 1;
    %split/vec4 1;
    %store/vec4 v000001d575dc3cf0_0, 0, 1;
    %split/vec4 1;
    %store/vec4 v000001d575dc32f0_0, 0, 1;
    %store/vec4 v000001d575dc3250_0, 0, 1;
    %jmp T_8.20;
T_8.14 ;
    %pushi/vec4 8, 0, 7;
    %split/vec4 1;
    %store/vec4 v000001d575dc4010_0, 0, 1;
    %split/vec4 1;
    %store/vec4 v000001d575dc4290_0, 0, 1;
    %split/vec4 1;
    %store/vec4 v000001d575dc3d90_0, 0, 1;
    %split/vec4 1;
    %store/vec4 v000001d575dc45b0_0, 0, 1;
    %split/vec4 1;
    %store/vec4 v000001d575dc3cf0_0, 0, 1;
    %split/vec4 1;
    %store/vec4 v000001d575dc32f0_0, 0, 1;
    %store/vec4 v000001d575dc3250_0, 0, 1;
    %jmp T_8.20;
T_8.15 ;
    %pushi/vec4 96, 0, 7;
    %split/vec4 1;
    %store/vec4 v000001d575dc4010_0, 0, 1;
    %split/vec4 1;
    %store/vec4 v000001d575dc4290_0, 0, 1;
    %split/vec4 1;
    %store/vec4 v000001d575dc3d90_0, 0, 1;
    %split/vec4 1;
    %store/vec4 v000001d575dc45b0_0, 0, 1;
    %split/vec4 1;
    %store/vec4 v000001d575dc3cf0_0, 0, 1;
    %split/vec4 1;
    %store/vec4 v000001d575dc32f0_0, 0, 1;
    %store/vec4 v000001d575dc3250_0, 0, 1;
    %jmp T_8.20;
T_8.16 ;
    %pushi/vec4 49, 0, 7;
    %split/vec4 1;
    %store/vec4 v000001d575dc4010_0, 0, 1;
    %split/vec4 1;
    %store/vec4 v000001d575dc4290_0, 0, 1;
    %split/vec4 1;
    %store/vec4 v000001d575dc3d90_0, 0, 1;
    %split/vec4 1;
    %store/vec4 v000001d575dc45b0_0, 0, 1;
    %split/vec4 1;
    %store/vec4 v000001d575dc3cf0_0, 0, 1;
    %split/vec4 1;
    %store/vec4 v000001d575dc32f0_0, 0, 1;
    %store/vec4 v000001d575dc3250_0, 0, 1;
    %jmp T_8.20;
T_8.17 ;
    %pushi/vec4 66, 0, 7;
    %split/vec4 1;
    %store/vec4 v000001d575dc4010_0, 0, 1;
    %split/vec4 1;
    %store/vec4 v000001d575dc4290_0, 0, 1;
    %split/vec4 1;
    %store/vec4 v000001d575dc3d90_0, 0, 1;
    %split/vec4 1;
    %store/vec4 v000001d575dc45b0_0, 0, 1;
    %split/vec4 1;
    %store/vec4 v000001d575dc3cf0_0, 0, 1;
    %split/vec4 1;
    %store/vec4 v000001d575dc32f0_0, 0, 1;
    %store/vec4 v000001d575dc3250_0, 0, 1;
    %jmp T_8.20;
T_8.18 ;
    %pushi/vec4 48, 0, 7;
    %split/vec4 1;
    %store/vec4 v000001d575dc4010_0, 0, 1;
    %split/vec4 1;
    %store/vec4 v000001d575dc4290_0, 0, 1;
    %split/vec4 1;
    %store/vec4 v000001d575dc3d90_0, 0, 1;
    %split/vec4 1;
    %store/vec4 v000001d575dc45b0_0, 0, 1;
    %split/vec4 1;
    %store/vec4 v000001d575dc3cf0_0, 0, 1;
    %split/vec4 1;
    %store/vec4 v000001d575dc32f0_0, 0, 1;
    %store/vec4 v000001d575dc3250_0, 0, 1;
    %jmp T_8.20;
T_8.19 ;
    %pushi/vec4 56, 0, 7;
    %split/vec4 1;
    %store/vec4 v000001d575dc4010_0, 0, 1;
    %split/vec4 1;
    %store/vec4 v000001d575dc4290_0, 0, 1;
    %split/vec4 1;
    %store/vec4 v000001d575dc3d90_0, 0, 1;
    %split/vec4 1;
    %store/vec4 v000001d575dc45b0_0, 0, 1;
    %split/vec4 1;
    %store/vec4 v000001d575dc3cf0_0, 0, 1;
    %split/vec4 1;
    %store/vec4 v000001d575dc32f0_0, 0, 1;
    %store/vec4 v000001d575dc3250_0, 0, 1;
    %jmp T_8.20;
T_8.20 ;
    %pop/vec4 1;
    %jmp T_8.3;
T_8.2 ;
    %pushi/vec4 127, 0, 7;
    %split/vec4 1;
    %store/vec4 v000001d575dc4010_0, 0, 1;
    %split/vec4 1;
    %store/vec4 v000001d575dc4290_0, 0, 1;
    %split/vec4 1;
    %store/vec4 v000001d575dc3d90_0, 0, 1;
    %split/vec4 1;
    %store/vec4 v000001d575dc45b0_0, 0, 1;
    %split/vec4 1;
    %store/vec4 v000001d575dc3cf0_0, 0, 1;
    %split/vec4 1;
    %store/vec4 v000001d575dc32f0_0, 0, 1;
    %store/vec4 v000001d575dc3250_0, 0, 1;
T_8.3 ;
    %jmp T_8;
    .thread T_8, $push;
# The file index is used to find the file name in the following table.
:file_names 3;
    "N/A";
    "<interactive>";
    "man.v";
