#! /c/Source/iverilog-install/bin/vvp
:ivl_version "12.0 (devel)" "(s20150603-1539-g2693dd32b)";
:ivl_delay_selection "TYPICAL";
:vpi_time_precision + 0;
:vpi_module "D:\All_The_App\iverilog\iverilog\lib\ivl\system.vpi";
:vpi_module "D:\All_The_App\iverilog\iverilog\lib\ivl\vhdl_sys.vpi";
:vpi_module "D:\All_The_App\iverilog\iverilog\lib\ivl\vhdl_textio.vpi";
:vpi_module "D:\All_The_App\iverilog\iverilog\lib\ivl\v2005_math.vpi";
:vpi_module "D:\All_The_App\iverilog\iverilog\lib\ivl\va_math.vpi";
S_000001c80c36e640 .scope module, "test" "test" 2 21;
 .timescale 0 0;
v000001c80c36ea00_0 .net "current", 3 0, L_000001c80c36a1a0;  1 drivers
v000001c80c36cb00_0 .var "start", 3 0;
S_000001c80c36e7d0 .scope module, "incre" "increment" 2 28, 2 1 0, S_000001c80c36e640;
 .timescale 0 0;
    .port_info 0 /INPUT 4 "start";
    .port_info 1 /OUTPUT 4 "current";
L_000001c80c36a1a0 .functor BUFZ 4, v000001c80c382d00_0, C4<0000>, C4<0000>, C4<0000>;
v000001c80c382d00_0 .var "cur", 3 0;
v000001c80c382910_0 .net "current", 3 0, L_000001c80c36a1a0;  alias, 1 drivers
v000001c80c36a100_0 .var/i "i", 31 0;
v000001c80c36e960_0 .net "start", 3 0, v000001c80c36cb00_0;  1 drivers
    .scope S_000001c80c36e7d0;
T_0 ;
    %load/vec4 v000001c80c36e960_0;
    %store/vec4 v000001c80c382d00_0, 0, 4;
    %pushi/vec4 0, 0, 32;
    %store/vec4 v000001c80c36a100_0, 0, 32;
T_0.0 ;
    %load/vec4 v000001c80c36a100_0;
    %cmpi/s 16, 0, 32;
    %jmp/0xz T_0.1, 5;
    %delay 10, 0;
    %load/vec4 v000001c80c382d00_0;
    %addi 1, 0, 4;
    %store/vec4 v000001c80c382d00_0, 0, 4;
    %load/vec4 v000001c80c36a100_0;
    %addi 1, 0, 32;
    %store/vec4 v000001c80c36a100_0, 0, 32;
    %jmp T_0.0;
T_0.1 ;
    %end;
    .thread T_0;
    .scope S_000001c80c36e640;
T_1 ;
    %pushi/vec4 0, 0, 4;
    %store/vec4 v000001c80c36cb00_0, 0, 4;
    %end;
    .thread T_1;
    .scope S_000001c80c36e640;
T_2 ;
    %vpi_func 2 35 "$time" 64 {0 0 0};
    %cmpi/u 200, 0, 64;
    %flag_or 5, 4; GT is !LE
    %flag_inv 5;
    %jmp/0xz  T_2.0, 5;
    %vpi_call 2 35 "$finish" {0 0 0};
T_2.0 ;
    %end;
    .thread T_2;
# The file index is used to find the file name in the following table.
:file_names 3;
    "N/A";
    "<interactive>";
    "incre.v";
