#! /c/Source/iverilog-install/bin/vvp
:ivl_version "12.0 (devel)" "(s20150603-1539-g2693dd32b)";
:ivl_delay_selection "TYPICAL";
:vpi_time_precision + 0;
:vpi_module "D:\All_The_App\iverilog\iverilog\lib\ivl\system.vpi";
:vpi_module "D:\All_The_App\iverilog\iverilog\lib\ivl\vhdl_sys.vpi";
:vpi_module "D:\All_The_App\iverilog\iverilog\lib\ivl\vhdl_textio.vpi";
:vpi_module "D:\All_The_App\iverilog\iverilog\lib\ivl\v2005_math.vpi";
:vpi_module "D:\All_The_App\iverilog\iverilog\lib\ivl\va_math.vpi";
S_000002951bab59e0 .scope module, "test" "test" 2 22;
 .timescale 0 0;
v000002951bab5da0_0 .var "sel", 1 0;
v000002951bafc820_0 .net "sout", 1 0, L_000002951bab4510;  1 drivers
S_000002951bab5b70 .scope module, "mux" "mux4to1" 2 26, 2 1 0, S_000002951bab59e0;
 .timescale 0 0;
    .port_info 0 /INPUT 2 "P0";
    .port_info 1 /INPUT 2 "P1";
    .port_info 2 /INPUT 2 "P2";
    .port_info 3 /INPUT 2 "P3";
    .port_info 4 /INPUT 2 "sel";
    .port_info 5 /OUTPUT 2 "sout";
L_000002951bab4510 .functor BUFZ 2, v000002951bab5d00_0, C4<00>, C4<00>, C4<00>;
L_000002951bafc8c8 .functor BUFT 1, C4<00>, C4<0>, C4<0>, C4<0>;
v000002951b7bb490_0 .net "P0", 1 0, L_000002951bafc8c8;  1 drivers
L_000002951bafc910 .functor BUFT 1, C4<01>, C4<0>, C4<0>, C4<0>;
v000002951ba82910_0 .net "P1", 1 0, L_000002951bafc910;  1 drivers
L_000002951bafc958 .functor BUFT 1, C4<10>, C4<0>, C4<0>, C4<0>;
v000002951b7bb2d0_0 .net "P2", 1 0, L_000002951bafc958;  1 drivers
L_000002951bafc9a0 .functor BUFT 1, C4<11>, C4<0>, C4<0>, C4<0>;
v000002951b7bb110_0 .net "P3", 1 0, L_000002951bafc9a0;  1 drivers
v000002951b7baf50_0 .net "sel", 1 0, v000002951bab5da0_0;  1 drivers
v000002951b7ba3a0_0 .net "sout", 1 0, L_000002951bab4510;  alias, 1 drivers
v000002951bab5d00_0 .var "temp", 1 0;
E_000002951bab4b60/0 .event anyedge, v000002951b7baf50_0, v000002951b7bb490_0, v000002951ba82910_0, v000002951b7bb2d0_0;
E_000002951bab4b60/1 .event anyedge, v000002951b7bb110_0;
E_000002951bab4b60 .event/or E_000002951bab4b60/0, E_000002951bab4b60/1;
    .scope S_000002951bab5b70;
T_0 ;
    %wait E_000002951bab4b60;
    %load/vec4 v000002951b7baf50_0;
    %dup/vec4;
    %pushi/vec4 0, 0, 2;
    %cmp/u;
    %jmp/1 T_0.0, 6;
    %dup/vec4;
    %pushi/vec4 1, 0, 2;
    %cmp/u;
    %jmp/1 T_0.1, 6;
    %dup/vec4;
    %pushi/vec4 2, 0, 2;
    %cmp/u;
    %jmp/1 T_0.2, 6;
    %dup/vec4;
    %pushi/vec4 3, 0, 2;
    %cmp/u;
    %jmp/1 T_0.3, 6;
    %jmp T_0.4;
T_0.0 ;
    %load/vec4 v000002951b7bb490_0;
    %store/vec4 v000002951bab5d00_0, 0, 2;
    %jmp T_0.4;
T_0.1 ;
    %load/vec4 v000002951ba82910_0;
    %store/vec4 v000002951bab5d00_0, 0, 2;
    %jmp T_0.4;
T_0.2 ;
    %load/vec4 v000002951b7bb2d0_0;
    %store/vec4 v000002951bab5d00_0, 0, 2;
    %jmp T_0.4;
T_0.3 ;
    %load/vec4 v000002951b7bb110_0;
    %store/vec4 v000002951bab5d00_0, 0, 2;
    %jmp T_0.4;
T_0.4 ;
    %pop/vec4 1;
    %jmp T_0;
    .thread T_0, $push;
    .scope S_000002951bab59e0;
T_1 ;
    %pushi/vec4 0, 0, 2;
    %store/vec4 v000002951bab5da0_0, 0, 2;
    %delay 10, 0;
    %pushi/vec4 1, 0, 2;
    %store/vec4 v000002951bab5da0_0, 0, 2;
    %delay 10, 0;
    %pushi/vec4 2, 0, 2;
    %store/vec4 v000002951bab5da0_0, 0, 2;
    %delay 10, 0;
    %pushi/vec4 3, 0, 2;
    %store/vec4 v000002951bab5da0_0, 0, 2;
    %delay 10, 0;
    %end;
    .thread T_1;
    .scope S_000002951bab59e0;
T_2 ;
    %vpi_func 2 48 "$time" 64 {0 0 0};
    %cmpi/u 100, 0, 64;
    %flag_or 5, 4; GT is !LE
    %flag_inv 5;
    %jmp/0xz  T_2.0, 5;
    %vpi_call 2 48 "$finish" {0 0 0};
T_2.0 ;
    %end;
    .thread T_2;
# The file index is used to find the file name in the following table.
:file_names 3;
    "N/A";
    "<interactive>";
    "multiplexer.v";
