#! /c/Source/iverilog-install/bin/vvp
:ivl_version "12.0 (devel)" "(s20150603-1539-g2693dd32b)";
:ivl_delay_selection "TYPICAL";
:vpi_time_precision + 0;
:vpi_module "D:\All_The_App\iverilog\iverilog\lib\ivl\system.vpi";
:vpi_module "D:\All_The_App\iverilog\iverilog\lib\ivl\vhdl_sys.vpi";
:vpi_module "D:\All_The_App\iverilog\iverilog\lib\ivl\vhdl_textio.vpi";
:vpi_module "D:\All_The_App\iverilog\iverilog\lib\ivl\v2005_math.vpi";
:vpi_module "D:\All_The_App\iverilog\iverilog\lib\ivl\va_math.vpi";
S_000002aa9c0d2510 .scope module, "test" "test" 2 1;
 .timescale 0 0;
v000002aa9c0d26a0_0 .var "a", 0 0;
v000002aa9c0d2740_0 .var "b", 0 0;
    .scope S_000002aa9c0d2510;
T_0 ;
    %pushi/vec4 0, 0, 1;
    %store/vec4 v000002aa9c0d26a0_0, 0, 1;
    %pushi/vec4 1, 0, 1;
    %store/vec4 v000002aa9c0d2740_0, 0, 1;
    %end;
    .thread T_0;
    .scope S_000002aa9c0d2510;
T_1 ;
    %fork t_1, S_000002aa9c0d2510;
    %fork t_2, S_000002aa9c0d2510;
    %join;
    %join;
    %jmp t_0;
t_1 ;
    %delay 10, 0;
    %load/vec4 v000002aa9c0d2740_0;
    %store/vec4 v000002aa9c0d26a0_0, 0, 1;
    %end;
t_2 ;
    %delay 10, 0;
    %load/vec4 v000002aa9c0d26a0_0;
    %store/vec4 v000002aa9c0d2740_0, 0, 1;
    %end;
    .scope S_000002aa9c0d2510;
t_0 ;
    %end;
    .thread T_1;
    .scope S_000002aa9c0d2510;
T_2 ;
    %vpi_func 2 11 "$time" 64 {0 0 0};
    %cmpi/u 100, 0, 64;
    %flag_or 5, 4; GT is !LE
    %flag_inv 5;
    %jmp/0xz  T_2.0, 5;
    %vpi_call 2 11 "$finish" {0 0 0};
T_2.0 ;
    %end;
    .thread T_2;
# The file index is used to find the file name in the following table.
:file_names 3;
    "N/A";
    "<interactive>";
    "sequential_parallel.v";
