#! /c/Source/iverilog-install/bin/vvp
:ivl_version "12.0 (devel)" "(s20150603-1539-g2693dd32b)";
:ivl_delay_selection "TYPICAL";
:vpi_time_precision + 0;
:vpi_module "D:\All_The_App\iverilog\iverilog\lib\ivl\system.vpi";
:vpi_module "D:\All_The_App\iverilog\iverilog\lib\ivl\vhdl_sys.vpi";
:vpi_module "D:\All_The_App\iverilog\iverilog\lib\ivl\vhdl_textio.vpi";
:vpi_module "D:\All_The_App\iverilog\iverilog\lib\ivl\v2005_math.vpi";
:vpi_module "D:\All_The_App\iverilog\iverilog\lib\ivl\va_math.vpi";
S_000002a36d6fc8c0 .scope module, "ALU" "ALU" 2 78;
 .timescale 0 0;
    .port_info 0 /INPUT 4 "A";
    .port_info 1 /INPUT 4 "B";
    .port_info 2 /INPUT 2 "op";
    .port_info 3 /OUTPUT 4 "res";
    .port_info 4 /OUTPUT 1 "Cout";
o000002a36d704fd8 .functor BUFZ 4, C4<zzzz>; HiZ drive
v000002a36d754070_0 .net "A", 3 0, o000002a36d704fd8;  0 drivers
o000002a36d705008 .functor BUFZ 4, C4<zzzz>; HiZ drive
v000002a36d7546b0_0 .net "B", 3 0, o000002a36d705008;  0 drivers
v000002a36d754890_0 .net "Cout", 0 0, L_000002a36d79f960;  1 drivers
v000002a36d754bb0_0 .net "S", 3 0, L_000002a36d755010;  1 drivers
L_000002a36d7559d8 .functor BUFT 1, C4<0>, C4<0>, C4<0>, C4<0>;
v000002a36d755790_0 .net/2u *"_ivl_2", 0 0, L_000002a36d7559d8;  1 drivers
L_000002a36d755a20 .functor BUFT 1, C4<0>, C4<0>, C4<0>, C4<0>;
v000002a36d753fd0_0 .net/2u *"_ivl_4", 0 0, L_000002a36d755a20;  1 drivers
v000002a36d7549d0_0 .net "couttemp", 0 0, L_000002a36d7547f0;  1 drivers
o000002a36d705428 .functor BUFZ 2, C4<zz>; HiZ drive
v000002a36d753cb0_0 .net "op", 1 0, o000002a36d705428;  0 drivers
v000002a36d753990_0 .net "res", 3 0, L_000002a36d6eb7b0;  1 drivers
v000002a36d754c50_0 .net "resand", 3 0, L_000002a36d6eb6d0;  1 drivers
v000002a36d754d90_0 .net "resor", 3 0, L_000002a36d6ebdd0;  1 drivers
L_000002a36d79f280 .part o000002a36d705428, 0, 1;
L_000002a36d79f8c0 .concat [ 1 1 1 1], L_000002a36d7547f0, L_000002a36d7547f0, L_000002a36d755a20, L_000002a36d7559d8;
S_000002a36d6f5cb0 .scope module, "AddSub4b1" "AddSub4b" 2 101, 2 12 0, S_000002a36d6fc8c0;
 .timescale 0 0;
    .port_info 0 /INPUT 4 "A";
    .port_info 1 /INPUT 4 "B";
    .port_info 2 /INPUT 1 "Ctrl";
    .port_info 3 /OUTPUT 4 "S";
    .port_info 4 /OUTPUT 1 "Cout";
L_000002a36d6eb430 .functor XOR 5, L_000002a36d79f460, L_000002a36d79f820, C4<00000>, C4<00000>;
v000002a36d6e8a30_0 .net "A", 3 0, o000002a36d704fd8;  alias, 0 drivers
v000002a36d6e8cb0_0 .net "B", 3 0, o000002a36d705008;  alias, 0 drivers
v000002a36d6e8b70_0 .net "Cout", 0 0, L_000002a36d7547f0;  alias, 1 drivers
v000002a36d6e8df0_0 .net "Ctrl", 0 0, L_000002a36d79f280;  1 drivers
v000002a36d6e8f30_0 .net "S", 3 0, L_000002a36d755010;  alias, 1 drivers
L_000002a36d755900 .functor BUFT 1, C4<0>, C4<0>, C4<0>, C4<0>;
v000002a36d6e8fd0_0 .net *"_ivl_10", 0 0, L_000002a36d755900;  1 drivers
v000002a36d6e9070_0 .net *"_ivl_11", 4 0, L_000002a36d79f460;  1 drivers
v000002a36d754430_0 .net *"_ivl_13", 3 0, L_000002a36d79f500;  1 drivers
v000002a36d7544d0_0 .net *"_ivl_15", 4 0, L_000002a36d7a0040;  1 drivers
L_000002a36d755948 .functor BUFT 1, C4<0>, C4<0>, C4<0>, C4<0>;
v000002a36d754b10_0 .net *"_ivl_18", 0 0, L_000002a36d755948;  1 drivers
v000002a36d7553d0_0 .net *"_ivl_19", 4 0, L_000002a36d7a0400;  1 drivers
L_000002a36d755990 .functor BUFT 1, C4<0000>, C4<0>, C4<0>, C4<0>;
v000002a36d7550b0_0 .net *"_ivl_22", 3 0, L_000002a36d755990;  1 drivers
v000002a36d753b70_0 .net *"_ivl_23", 4 0, L_000002a36d79f820;  1 drivers
v000002a36d755150_0 .net *"_ivl_25", 4 0, L_000002a36d6eb430;  1 drivers
v000002a36d753d50_0 .net *"_ivl_3", 4 0, L_000002a36d7551f0;  1 drivers
L_000002a36d7558b8 .functor BUFT 1, C4<0>, C4<0>, C4<0>, C4<0>;
v000002a36d754390_0 .net *"_ivl_6", 0 0, L_000002a36d7558b8;  1 drivers
v000002a36d755330_0 .net *"_ivl_7", 4 0, L_000002a36d755290;  1 drivers
L_000002a36d7547f0 .part L_000002a36d6eb430, 4, 1;
L_000002a36d755010 .part L_000002a36d6eb430, 0, 4;
L_000002a36d7551f0 .concat [ 4 1 0 0], o000002a36d704fd8, L_000002a36d7558b8;
L_000002a36d755290 .concat [ 4 1 0 0], o000002a36d705008, L_000002a36d755900;
L_000002a36d79f460 .arith/sum 5, L_000002a36d7551f0, L_000002a36d755290;
L_000002a36d79f500 .concat [ 1 1 1 1], L_000002a36d79f280, L_000002a36d79f280, L_000002a36d79f280, L_000002a36d79f280;
L_000002a36d7a0040 .concat [ 4 1 0 0], L_000002a36d79f500, L_000002a36d755948;
L_000002a36d7a0400 .concat [ 1 4 0 0], L_000002a36d79f280, L_000002a36d755990;
L_000002a36d79f820 .arith/sum 5, L_000002a36d7a0040, L_000002a36d7a0400;
S_000002a36d6f4670 .scope module, "Mux4to11" "Mux4to1" 2 116, 2 32 0, S_000002a36d6fc8c0;
 .timescale 0 0;
    .port_info 0 /INPUT 4 "D";
    .port_info 1 /INPUT 2 "S";
    .port_info 2 /OUTPUT 1 "Y";
v000002a36d754570_0 .net "D", 3 0, L_000002a36d79f8c0;  1 drivers
v000002a36d7538f0_0 .net "S", 1 0, o000002a36d705428;  alias, 0 drivers
v000002a36d754a70_0 .net "Y", 0 0, L_000002a36d79f960;  alias, 1 drivers
L_000002a36d79f960 .part/v L_000002a36d79f8c0, o000002a36d705428, 1;
S_000002a36d6f5e40 .scope module, "Mux4to1b41" "Mux4to1b4" 2 108, 2 41 0, S_000002a36d6fc8c0;
 .timescale 0 0;
    .port_info 0 /INPUT 2 "S";
    .port_info 1 /INPUT 4 "D0";
    .port_info 2 /INPUT 4 "D1";
    .port_info 3 /INPUT 4 "D2";
    .port_info 4 /INPUT 4 "D3";
    .port_info 5 /OUTPUT 4 "Y";
L_000002a36d6eb7b0 .functor BUFZ 4, v000002a36d753df0_0, C4<0000>, C4<0000>, C4<0000>;
v000002a36d755470_0 .net "D0", 3 0, L_000002a36d755010;  alias, 1 drivers
v000002a36d754610_0 .net "D1", 3 0, L_000002a36d755010;  alias, 1 drivers
v000002a36d753ad0_0 .net "D2", 3 0, L_000002a36d6eb6d0;  alias, 1 drivers
v000002a36d755510_0 .net "D3", 3 0, L_000002a36d6ebdd0;  alias, 1 drivers
v000002a36d755650_0 .net "S", 1 0, o000002a36d705428;  alias, 0 drivers
v000002a36d754cf0_0 .net "Y", 3 0, L_000002a36d6eb7b0;  alias, 1 drivers
v000002a36d753df0_0 .var "ans", 3 0;
E_000002a36d6e9ca0/0 .event anyedge, v000002a36d7538f0_0, v000002a36d6e8f30_0, v000002a36d6e8f30_0, v000002a36d753ad0_0;
E_000002a36d6e9ca0/1 .event anyedge, v000002a36d755510_0;
E_000002a36d6e9ca0 .event/or E_000002a36d6e9ca0/0, E_000002a36d6e9ca0/1;
S_000002a36d6f6de0 .scope module, "add1" "andd" 2 96, 2 23 0, S_000002a36d6fc8c0;
 .timescale 0 0;
    .port_info 0 /INPUT 4 "A";
    .port_info 1 /INPUT 4 "B";
    .port_info 2 /OUTPUT 4 "res";
L_000002a36d6eb6d0 .functor AND 4, o000002a36d704fd8, o000002a36d705008, C4<1111>, C4<1111>;
v000002a36d754250_0 .net "A", 3 0, o000002a36d704fd8;  alias, 0 drivers
v000002a36d753e90_0 .net "B", 3 0, o000002a36d705008;  alias, 0 drivers
v000002a36d7555b0_0 .net "res", 3 0, L_000002a36d6eb6d0;  alias, 1 drivers
S_000002a36d6f6f70 .scope module, "orr1" "orr" 2 90, 2 68 0, S_000002a36d6fc8c0;
 .timescale 0 0;
    .port_info 0 /INPUT 4 "A";
    .port_info 1 /INPUT 4 "B";
    .port_info 2 /OUTPUT 4 "res";
L_000002a36d6ebdd0 .functor OR 4, o000002a36d704fd8, o000002a36d705008, C4<0000>, C4<0000>;
v000002a36d754f70_0 .net "A", 3 0, o000002a36d704fd8;  alias, 0 drivers
v000002a36d753c10_0 .net "B", 3 0, o000002a36d705008;  alias, 0 drivers
v000002a36d753f30_0 .net "res", 3 0, L_000002a36d6ebdd0;  alias, 1 drivers
S_000002a36d6fca50 .scope module, "Adder1b" "Adder1b" 2 1;
 .timescale 0 0;
    .port_info 0 /INPUT 1 "A";
    .port_info 1 /INPUT 1 "B";
    .port_info 2 /INPUT 1 "Cin";
    .port_info 3 /OUTPUT 1 "S";
    .port_info 4 /OUTPUT 1 "Cout";
o000002a36d705968 .functor BUFZ 1, C4<z>; HiZ drive
o000002a36d705998 .functor BUFZ 1, C4<z>; HiZ drive
L_000002a36d6ec070 .functor XOR 1, o000002a36d705968, o000002a36d705998, C4<0>, C4<0>;
o000002a36d7059c8 .functor BUFZ 1, C4<z>; HiZ drive
L_000002a36d6eb970 .functor XOR 1, L_000002a36d6ec070, o000002a36d7059c8, C4<0>, C4<0>;
L_000002a36d6eb4a0 .functor OR 1, o000002a36d705998, o000002a36d705968, C4<0>, C4<0>;
L_000002a36d6eb9e0 .functor AND 1, o000002a36d705968, L_000002a36d79f3c0, C4<1>, C4<1>;
L_000002a36d6ebe40 .functor AND 1, L_000002a36d6eb9e0, o000002a36d7059c8, C4<1>, C4<1>;
v000002a36d753a30_0 .net "A", 0 0, o000002a36d705968;  0 drivers
v000002a36d754ed0_0 .net "B", 0 0, o000002a36d705998;  0 drivers
v000002a36d7556f0_0 .net "Cin", 0 0, o000002a36d7059c8;  0 drivers
v000002a36d754930_0 .net "Cout", 0 0, L_000002a36d6ebe40;  1 drivers
v000002a36d754110_0 .net "S", 0 0, L_000002a36d6eb970;  1 drivers
v000002a36d7541b0_0 .net *"_ivl_0", 0 0, L_000002a36d6ec070;  1 drivers
v000002a36d754750_0 .net *"_ivl_4", 0 0, L_000002a36d6eb4a0;  1 drivers
v000002a36d7542f0_0 .net *"_ivl_6", 0 0, L_000002a36d79f3c0;  1 drivers
v000002a36d754e30_0 .net *"_ivl_8", 0 0, L_000002a36d6eb9e0;  1 drivers
L_000002a36d79f3c0 .arith/sum 1, o000002a36d705998, L_000002a36d6eb4a0;
    .scope S_000002a36d6f5e40;
T_0 ;
    %wait E_000002a36d6e9ca0;
    %load/vec4 v000002a36d755650_0;
    %dup/vec4;
    %pushi/vec4 0, 0, 2;
    %cmp/u;
    %jmp/1 T_0.0, 6;
    %dup/vec4;
    %pushi/vec4 1, 0, 2;
    %cmp/u;
    %jmp/1 T_0.1, 6;
    %dup/vec4;
    %pushi/vec4 2, 0, 2;
    %cmp/u;
    %jmp/1 T_0.2, 6;
    %dup/vec4;
    %pushi/vec4 3, 0, 2;
    %cmp/u;
    %jmp/1 T_0.3, 6;
    %jmp T_0.4;
T_0.0 ;
    %load/vec4 v000002a36d755470_0;
    %store/vec4 v000002a36d753df0_0, 0, 4;
    %jmp T_0.4;
T_0.1 ;
    %load/vec4 v000002a36d754610_0;
    %store/vec4 v000002a36d753df0_0, 0, 4;
    %jmp T_0.4;
T_0.2 ;
    %load/vec4 v000002a36d753ad0_0;
    %store/vec4 v000002a36d753df0_0, 0, 4;
    %jmp T_0.4;
T_0.3 ;
    %load/vec4 v000002a36d755510_0;
    %store/vec4 v000002a36d753df0_0, 0, 4;
    %jmp T_0.4;
T_0.4 ;
    %pop/vec4 1;
    %jmp T_0;
    .thread T_0, $push;
# The file index is used to find the file name in the following table.
:file_names 3;
    "N/A";
    "<interactive>";
    "ALU.v";
